Analysis & Synthesis report for lab5_part1
Sun Oct 21 00:42:12 2018
Quartus Prime Version 18.0.0 Build 614 04/24/2018 SJ Lite Edition


---------------------
; Table of Contents ;
---------------------
  1. Legal Notice
  2. Analysis & Synthesis Summary
  3. Analysis & Synthesis Settings
  4. Parallel Compilation
  5. Analysis & Synthesis Source Files Read
  6. Analysis & Synthesis Resource Usage Summary
  7. Analysis & Synthesis Resource Utilization by Entity
  8. General Register Statistics
  9. Post-Synthesis Netlist Statistics for Top Partition
 10. Elapsed Time Per Partition
 11. Analysis & Synthesis Messages
 12. Analysis & Synthesis Suppressed Messages



----------------
; Legal Notice ;
----------------
Copyright (C) 2018  Intel Corporation. All rights reserved.
Your use of Intel Corporation's design tools, logic functions 
and other software and tools, and its AMPP partner logic 
functions, and any output files from any of the foregoing 
(including device programming or simulation files), and any 
associated documentation or information are expressly subject 
to the terms and conditions of the Intel Program License 
Subscription Agreement, the Intel Quartus Prime License Agreement,
the Intel FPGA IP License Agreement, or other applicable license
agreement, including, without limitation, that your use is for
the sole purpose of programming logic devices manufactured by
Intel and sold by Intel or its authorized distributors.  Please
refer to the applicable agreement for further details.



+-------------------------------------------------------------------------------+
; Analysis & Synthesis Summary                                                  ;
+---------------------------------+---------------------------------------------+
; Analysis & Synthesis Status     ; Successful - Sun Oct 21 00:42:11 2018       ;
; Quartus Prime Version           ; 18.0.0 Build 614 04/24/2018 SJ Lite Edition ;
; Revision Name                   ; lab5_part1                                  ;
; Top-level Entity Name           ; lab5_part1                                  ;
; Family                          ; Cyclone V                                   ;
; Logic utilization (in ALMs)     ; N/A                                         ;
; Total registers                 ; 8                                           ;
; Total pins                      ; 20                                          ;
; Total virtual pins              ; 0                                           ;
; Total block memory bits         ; 0                                           ;
; Total DSP Blocks                ; 0                                           ;
; Total HSSI RX PCSs              ; 0                                           ;
; Total HSSI PMA RX Deserializers ; 0                                           ;
; Total HSSI TX PCSs              ; 0                                           ;
; Total HSSI PMA TX Serializers   ; 0                                           ;
; Total PLLs                      ; 0                                           ;
; Total DLLs                      ; 0                                           ;
+---------------------------------+---------------------------------------------+


+---------------------------------------------------------------------------------------------------------------------------+
; Analysis & Synthesis Settings                                                                                             ;
+---------------------------------------------------------------------------------+--------------------+--------------------+
; Option                                                                          ; Setting            ; Default Value      ;
+---------------------------------------------------------------------------------+--------------------+--------------------+
; Device                                                                          ; 5CSEMA5F31C6       ;                    ;
; Top-level entity name                                                           ; lab5_part1         ; lab5_part1         ;
; Family name                                                                     ; Cyclone V          ; Cyclone V          ;
; Use smart compilation                                                           ; Off                ; Off                ;
; Enable parallel Assembler and Timing Analyzer during compilation                ; On                 ; On                 ;
; Enable compact report table                                                     ; Off                ; Off                ;
; Restructure Multiplexers                                                        ; Auto               ; Auto               ;
; MLAB Add Timing Constraints For Mixed-Port Feed-Through Mode Setting Don't Care ; Off                ; Off                ;
; Create Debugging Nodes for IP Cores                                             ; Off                ; Off                ;
; Preserve fewer node names                                                       ; On                 ; On                 ;
; Intel FPGA IP Evaluation Mode                                                   ; Enable             ; Enable             ;
; Verilog Version                                                                 ; Verilog_2001       ; Verilog_2001       ;
; VHDL Version                                                                    ; VHDL_1993          ; VHDL_1993          ;
; State Machine Processing                                                        ; Auto               ; Auto               ;
; Safe State Machine                                                              ; Off                ; Off                ;
; Extract Verilog State Machines                                                  ; On                 ; On                 ;
; Extract VHDL State Machines                                                     ; On                 ; On                 ;
; Ignore Verilog initial constructs                                               ; Off                ; Off                ;
; Iteration limit for constant Verilog loops                                      ; 5000               ; 5000               ;
; Iteration limit for non-constant Verilog loops                                  ; 250                ; 250                ;
; Add Pass-Through Logic to Inferred RAMs                                         ; On                 ; On                 ;
; Infer RAMs from Raw Logic                                                       ; On                 ; On                 ;
; Parallel Synthesis                                                              ; On                 ; On                 ;
; DSP Block Balancing                                                             ; Auto               ; Auto               ;
; NOT Gate Push-Back                                                              ; On                 ; On                 ;
; Power-Up Don't Care                                                             ; On                 ; On                 ;
; Remove Redundant Logic Cells                                                    ; Off                ; Off                ;
; Remove Duplicate Registers                                                      ; On                 ; On                 ;
; Ignore CARRY Buffers                                                            ; Off                ; Off                ;
; Ignore CASCADE Buffers                                                          ; Off                ; Off                ;
; Ignore GLOBAL Buffers                                                           ; Off                ; Off                ;
; Ignore ROW GLOBAL Buffers                                                       ; Off                ; Off                ;
; Ignore LCELL Buffers                                                            ; Off                ; Off                ;
; Ignore SOFT Buffers                                                             ; On                 ; On                 ;
; Limit AHDL Integers to 32 Bits                                                  ; Off                ; Off                ;
; Optimization Technique                                                          ; Balanced           ; Balanced           ;
; Carry Chain Length                                                              ; 70                 ; 70                 ;
; Auto Carry Chains                                                               ; On                 ; On                 ;
; Auto Open-Drain Pins                                                            ; On                 ; On                 ;
; Perform WYSIWYG Primitive Resynthesis                                           ; Off                ; Off                ;
; Auto ROM Replacement                                                            ; On                 ; On                 ;
; Auto RAM Replacement                                                            ; On                 ; On                 ;
; Auto DSP Block Replacement                                                      ; On                 ; On                 ;
; Auto Shift Register Replacement                                                 ; Auto               ; Auto               ;
; Allow Shift Register Merging across Hierarchies                                 ; Auto               ; Auto               ;
; Auto Clock Enable Replacement                                                   ; On                 ; On                 ;
; Strict RAM Replacement                                                          ; Off                ; Off                ;
; Allow Synchronous Control Signals                                               ; On                 ; On                 ;
; Force Use of Synchronous Clear Signals                                          ; Off                ; Off                ;
; Auto Resource Sharing                                                           ; Off                ; Off                ;
; Allow Any RAM Size For Recognition                                              ; Off                ; Off                ;
; Allow Any ROM Size For Recognition                                              ; Off                ; Off                ;
; Allow Any Shift Register Size For Recognition                                   ; Off                ; Off                ;
; Use LogicLock Constraints during Resource Balancing                             ; On                 ; On                 ;
; Ignore translate_off and synthesis_off directives                               ; Off                ; Off                ;
; Timing-Driven Synthesis                                                         ; On                 ; On                 ;
; Report Parameter Settings                                                       ; On                 ; On                 ;
; Report Source Assignments                                                       ; On                 ; On                 ;
; Report Connectivity Checks                                                      ; On                 ; On                 ;
; Ignore Maximum Fan-Out Assignments                                              ; Off                ; Off                ;
; Synchronization Register Chain Length                                           ; 3                  ; 3                  ;
; Power Optimization During Synthesis                                             ; Normal compilation ; Normal compilation ;
; HDL message level                                                               ; Level2             ; Level2             ;
; Suppress Register Optimization Related Messages                                 ; Off                ; Off                ;
; Number of Removed Registers Reported in Synthesis Report                        ; 5000               ; 5000               ;
; Number of Swept Nodes Reported in Synthesis Report                              ; 5000               ; 5000               ;
; Number of Inverted Registers Reported in Synthesis Report                       ; 100                ; 100                ;
; Clock MUX Protection                                                            ; On                 ; On                 ;
; Auto Gated Clock Conversion                                                     ; Off                ; Off                ;
; Block Design Naming                                                             ; Auto               ; Auto               ;
; SDC constraint protection                                                       ; Off                ; Off                ;
; Synthesis Effort                                                                ; Auto               ; Auto               ;
; Shift Register Replacement - Allow Asynchronous Clear Signal                    ; On                 ; On                 ;
; Pre-Mapping Resynthesis Optimization                                            ; Off                ; Off                ;
; Analysis & Synthesis Message Level                                              ; Medium             ; Medium             ;
; Disable Register Merging Across Hierarchies                                     ; Auto               ; Auto               ;
; Resource Aware Inference For Block RAM                                          ; On                 ; On                 ;
; Automatic Parallel Synthesis                                                    ; On                 ; On                 ;
; Partial Reconfiguration Bitstream ID                                            ; Off                ; Off                ;
+---------------------------------------------------------------------------------+--------------------+--------------------+


+------------------------------------------+
; Parallel Compilation                     ;
+----------------------------+-------------+
; Processors                 ; Number      ;
+----------------------------+-------------+
; Number detected on machine ; 2           ;
; Maximum allowed            ; 2           ;
;                            ;             ;
; Average used               ; 1.00        ;
; Maximum used               ; 2           ;
;                            ;             ;
; Usage by Processor         ; % Time Used ;
;     Processor 1            ; 100.0%      ;
;     Processor 2            ;   0.0%      ;
+----------------------------+-------------+


+------------------------------------------------------------------------------------------------------------------------------------------------------+
; Analysis & Synthesis Source Files Read                                                                                                               ;
+----------------------------------+-----------------+------------------------+--------------------------------------------------------------+---------+
; File Name with User-Entered Path ; Used in Netlist ; File Type              ; File Name with Absolute Path                                 ; Library ;
+----------------------------------+-----------------+------------------------+--------------------------------------------------------------+---------+
; lab5_part1.v                     ; yes             ; User Verilog HDL File  ; C:/Users/Kexin Li/Desktop/ECE241Labs/lab5/part1/lab5_part1.v ;         ;
+----------------------------------+-----------------+------------------------+--------------------------------------------------------------+---------+


+---------------------------------------------------------------------------------------+
; Analysis & Synthesis Resource Usage Summary                                           ;
+---------------------------------------------+-----------------------------------------+
; Resource                                    ; Usage                                   ;
+---------------------------------------------+-----------------------------------------+
; Estimate of Logic utilization (ALMs needed) ; 12                                      ;
;                                             ;                                         ;
; Combinational ALUT usage for logic          ; 23                                      ;
;     -- 7 input functions                    ; 0                                       ;
;     -- 6 input functions                    ; 1                                       ;
;     -- 5 input functions                    ; 3                                       ;
;     -- 4 input functions                    ; 16                                      ;
;     -- <=3 input functions                  ; 3                                       ;
;                                             ;                                         ;
; Dedicated logic registers                   ; 8                                       ;
;                                             ;                                         ;
; I/O pins                                    ; 20                                      ;
;                                             ;                                         ;
; Total DSP Blocks                            ; 0                                       ;
;                                             ;                                         ;
; Maximum fan-out node                        ; eight_bit_counter:comb_3|TFlipFlop:t7|Q ;
; Maximum fan-out                             ; 13                                      ;
; Total fan-out                               ; 151                                     ;
; Average fan-out                             ; 2.13                                    ;
+---------------------------------------------+-----------------------------------------+


+-------------------------------------------------------------------------------------------------------------------------------------------------------------------------------------------------------------------------------+
; Analysis & Synthesis Resource Utilization by Entity                                                                                                                                                                           ;
+-------------------------------+---------------------+---------------------------+-------------------+------------+------+--------------+---------------------------------------------------+-------------------+--------------+
; Compilation Hierarchy Node    ; Combinational ALUTs ; Dedicated Logic Registers ; Block Memory Bits ; DSP Blocks ; Pins ; Virtual Pins ; Full Hierarchy Name                               ; Entity Name       ; Library Name ;
+-------------------------------+---------------------+---------------------------+-------------------+------------+------+--------------+---------------------------------------------------+-------------------+--------------+
; |lab5_part1                   ; 23 (0)              ; 8 (0)                     ; 0                 ; 0          ; 20   ; 0            ; |lab5_part1                                       ; lab5_part1        ; work         ;
;    |eight_bit_counter:comb_3| ; 23 (1)              ; 8 (0)                     ; 0                 ; 0          ; 0    ; 0            ; |lab5_part1|eight_bit_counter:comb_3              ; eight_bit_counter ; work         ;
;       |TFlipFlop:t0|          ; 1 (1)               ; 1 (1)                     ; 0                 ; 0          ; 0    ; 0            ; |lab5_part1|eight_bit_counter:comb_3|TFlipFlop:t0 ; TFlipFlop         ; work         ;
;       |TFlipFlop:t1|          ; 1 (1)               ; 1 (1)                     ; 0                 ; 0          ; 0    ; 0            ; |lab5_part1|eight_bit_counter:comb_3|TFlipFlop:t1 ; TFlipFlop         ; work         ;
;       |TFlipFlop:t2|          ; 1 (1)               ; 1 (1)                     ; 0                 ; 0          ; 0    ; 0            ; |lab5_part1|eight_bit_counter:comb_3|TFlipFlop:t2 ; TFlipFlop         ; work         ;
;       |TFlipFlop:t3|          ; 1 (1)               ; 1 (1)                     ; 0                 ; 0          ; 0    ; 0            ; |lab5_part1|eight_bit_counter:comb_3|TFlipFlop:t3 ; TFlipFlop         ; work         ;
;       |TFlipFlop:t4|          ; 1 (1)               ; 1 (1)                     ; 0                 ; 0          ; 0    ; 0            ; |lab5_part1|eight_bit_counter:comb_3|TFlipFlop:t4 ; TFlipFlop         ; work         ;
;       |TFlipFlop:t5|          ; 1 (1)               ; 1 (1)                     ; 0                 ; 0          ; 0    ; 0            ; |lab5_part1|eight_bit_counter:comb_3|TFlipFlop:t5 ; TFlipFlop         ; work         ;
;       |TFlipFlop:t6|          ; 1 (1)               ; 1 (1)                     ; 0                 ; 0          ; 0    ; 0            ; |lab5_part1|eight_bit_counter:comb_3|TFlipFlop:t6 ; TFlipFlop         ; work         ;
;       |TFlipFlop:t7|          ; 1 (1)               ; 1 (1)                     ; 0                 ; 0          ; 0    ; 0            ; |lab5_part1|eight_bit_counter:comb_3|TFlipFlop:t7 ; TFlipFlop         ; work         ;
;       |hex:h0|                ; 7 (7)               ; 0 (0)                     ; 0                 ; 0          ; 0    ; 0            ; |lab5_part1|eight_bit_counter:comb_3|hex:h0       ; hex               ; work         ;
;       |hex:h1|                ; 7 (7)               ; 0 (0)                     ; 0                 ; 0          ; 0    ; 0            ; |lab5_part1|eight_bit_counter:comb_3|hex:h1       ; hex               ; work         ;
+-------------------------------+---------------------+---------------------------+-------------------+------------+------+--------------+---------------------------------------------------+-------------------+--------------+
Note: For table entries with two numbers listed, the numbers in parentheses indicate the number of resources of the given type used by the specific entity alone. The numbers listed outside of parentheses indicate the total resources of the given type used by the specific entity and all of its sub-entities in the hierarchy.


+------------------------------------------------------+
; General Register Statistics                          ;
+----------------------------------------------+-------+
; Statistic                                    ; Value ;
+----------------------------------------------+-------+
; Total registers                              ; 8     ;
; Number of registers using Synchronous Clear  ; 0     ;
; Number of registers using Synchronous Load   ; 0     ;
; Number of registers using Asynchronous Clear ; 8     ;
; Number of registers using Asynchronous Load  ; 0     ;
; Number of registers using Clock Enable       ; 0     ;
; Number of registers using Preset             ; 0     ;
+----------------------------------------------+-------+


+-----------------------------------------------------+
; Post-Synthesis Netlist Statistics for Top Partition ;
+-----------------------+-----------------------------+
; Type                  ; Count                       ;
+-----------------------+-----------------------------+
; arriav_ff             ; 8                           ;
;     CLR               ; 8                           ;
; arriav_lcell_comb     ; 23                          ;
;     normal            ; 23                          ;
;         2 data inputs ; 1                           ;
;         3 data inputs ; 2                           ;
;         4 data inputs ; 16                          ;
;         5 data inputs ; 3                           ;
;         6 data inputs ; 1                           ;
; boundary_port         ; 20                          ;
;                       ;                             ;
; Max LUT depth         ; 2.00                        ;
; Average LUT depth     ; 1.21                        ;
+-----------------------+-----------------------------+


+-------------------------------+
; Elapsed Time Per Partition    ;
+----------------+--------------+
; Partition Name ; Elapsed Time ;
+----------------+--------------+
; Top            ; 00:00:01     ;
+----------------+--------------+


+-------------------------------+
; Analysis & Synthesis Messages ;
+-------------------------------+
Info: *******************************************************************
Info: Running Quartus Prime Analysis & Synthesis
    Info: Version 18.0.0 Build 614 04/24/2018 SJ Lite Edition
    Info: Processing started: Sun Oct 21 00:41:43 2018
Info: Command: quartus_map --read_settings_files=on --write_settings_files=off lab5_part1 -c lab5_part1
Warning (18236): Number of processors has not been specified which may cause overloading on shared machines.  Set the global assignment NUM_PARALLEL_PROCESSORS in your QSF to an appropriate value for best performance.
Info (20030): Parallel compilation is enabled and will use 2 of the 2 processors detected
Info (12021): Found 4 design units, including 4 entities, in source file lab5_part1.v
    Info (12023): Found entity 1: lab5_part1 File: C:/Users/Kexin Li/Desktop/ECE241Labs/lab5/part1/lab5_part1.v Line: 1
    Info (12023): Found entity 2: eight_bit_counter File: C:/Users/Kexin Li/Desktop/ECE241Labs/lab5/part1/lab5_part1.v Line: 17
    Info (12023): Found entity 3: TFlipFlop File: C:/Users/Kexin Li/Desktop/ECE241Labs/lab5/part1/lab5_part1.v Line: 105
    Info (12023): Found entity 4: hex File: C:/Users/Kexin Li/Desktop/ECE241Labs/lab5/part1/lab5_part1.v Line: 119
Critical Warning (10846): Verilog HDL Instantiation warning at lab5_part1.v(12): instance has no name File: C:/Users/Kexin Li/Desktop/ECE241Labs/lab5/part1/lab5_part1.v Line: 12
Info (12127): Elaborating entity "lab5_part1" for the top level hierarchy
Info (12128): Elaborating entity "eight_bit_counter" for hierarchy "eight_bit_counter:comb_3" File: C:/Users/Kexin Li/Desktop/ECE241Labs/lab5/part1/lab5_part1.v Line: 12
Info (12128): Elaborating entity "TFlipFlop" for hierarchy "eight_bit_counter:comb_3|TFlipFlop:t7" File: C:/Users/Kexin Li/Desktop/ECE241Labs/lab5/part1/lab5_part1.v Line: 27
Info (12128): Elaborating entity "hex" for hierarchy "eight_bit_counter:comb_3|hex:h0" File: C:/Users/Kexin Li/Desktop/ECE241Labs/lab5/part1/lab5_part1.v Line: 86
Info (286030): Timing-Driven Synthesis is running
Info (144001): Generated suppressed messages file C:/Users/Kexin Li/Desktop/ECE241Labs/lab5/part1/output_files/lab5_part1.map.smsg
Info (16010): Generating hard_block partition "hard_block:auto_generated_inst"
    Info (16011): Adding 0 node(s), including 0 DDIO, 0 PLL, 0 transceiver and 0 LCELL
Warning (21074): Design contains 3 input pin(s) that do not drive logic
    Warning (15610): No output dependent on input pin "KEY[1]" File: C:/Users/Kexin Li/Desktop/ECE241Labs/lab5/part1/lab5_part1.v Line: 3
    Warning (15610): No output dependent on input pin "KEY[2]" File: C:/Users/Kexin Li/Desktop/ECE241Labs/lab5/part1/lab5_part1.v Line: 3
    Warning (15610): No output dependent on input pin "KEY[3]" File: C:/Users/Kexin Li/Desktop/ECE241Labs/lab5/part1/lab5_part1.v Line: 3
Info (21057): Implemented 43 device resources after synthesis - the final resource count might be different
    Info (21058): Implemented 6 input pins
    Info (21059): Implemented 14 output pins
    Info (21061): Implemented 23 logic cells
Info: Quartus Prime Analysis & Synthesis was successful. 0 errors, 6 warnings
    Info: Peak virtual memory: 4830 megabytes
    Info: Processing ended: Sun Oct 21 00:42:12 2018
    Info: Elapsed time: 00:00:29
    Info: Total CPU time (on all processors): 00:00:29


+------------------------------------------+
; Analysis & Synthesis Suppressed Messages ;
+------------------------------------------+
The suppressed messages can be found in C:/Users/Kexin Li/Desktop/ECE241Labs/lab5/part1/output_files/lab5_part1.map.smsg.


