Flow report for DE1_SoC_TV
Mon Nov 26 15:36:12 2018
Quartus Prime Version 18.0.0 Build 614 04/24/2018 SJ Lite Edition


---------------------
; Table of Contents ;
---------------------
  1. Legal Notice
  2. Flow Summary
  3. Flow Settings
  4. Flow Non-Default Global Settings
  5. Flow Elapsed Time
  6. Flow OS Summary
  7. Flow Log
  8. Flow Messages
  9. Flow Suppressed Messages



----------------
; Legal Notice ;
----------------
Copyright (C) 2018  Intel Corporation. All rights reserved.
Your use of Intel Corporation's design tools, logic functions 
and other software and tools, and its AMPP partner logic 
functions, and any output files from any of the foregoing 
(including device programming or simulation files), and any 
associated documentation or information are expressly subject 
to the terms and conditions of the Intel Program License 
Subscription Agreement, the Intel Quartus Prime License Agreement,
the Intel FPGA IP License Agreement, or other applicable license
agreement, including, without limitation, that your use is for
the sole purpose of programming logic devices manufactured by
Intel and sold by Intel or its authorized distributors.  Please
refer to the applicable agreement for further details.



+-------------------------------------------------------------------------------+
; Flow Summary                                                                  ;
+---------------------------------+---------------------------------------------+
; Flow Status                     ; Successful - Mon Nov 26 15:35:34 2018       ;
; Quartus Prime Version           ; 18.0.0 Build 614 04/24/2018 SJ Lite Edition ;
; Revision Name                   ; DE1_SoC_TV                                  ;
; Top-level Entity Name           ; Rhapsody                                    ;
; Family                          ; Cyclone V                                   ;
; Device                          ; 5CSEMA5F31C6                                ;
; Timing Models                   ; Final                                       ;
; Logic utilization (in ALMs)     ; 1,344 / 32,070 ( 4 % )                      ;
; Total registers                 ; 1830                                        ;
; Total pins                      ; 161 / 457 ( 35 % )                          ;
; Total virtual pins              ; 0                                           ;
; Total block memory bits         ; 2,740,240 / 4,065,280 ( 67 % )              ;
; Total DSP Blocks                ; 6 / 87 ( 7 % )                              ;
; Total HSSI RX PCSs              ; 0                                           ;
; Total HSSI PMA RX Deserializers ; 0                                           ;
; Total HSSI TX PCSs              ; 0                                           ;
; Total HSSI PMA TX Serializers   ; 0                                           ;
; Total PLLs                      ; 2 / 6 ( 33 % )                              ;
; Total DLLs                      ; 0 / 4 ( 0 % )                               ;
+---------------------------------+---------------------------------------------+


+-----------------------------------------+
; Flow Settings                           ;
+-------------------+---------------------+
; Option            ; Setting             ;
+-------------------+---------------------+
; Start date & time ; 11/26/2018 15:30:06 ;
; Main task         ; Compilation         ;
; Revision Name     ; DE1_SoC_TV          ;
+-------------------+---------------------+


+-------------------------------------------------------------------------------------------------------------------------+
; Flow Non-Default Global Settings                                                                                        ;
+-------------------------------------+----------------------------------------+---------------+-------------+------------+
; Assignment Name                     ; Value                                  ; Default Value ; Entity Name ; Section Id ;
+-------------------------------------+----------------------------------------+---------------+-------------+------------+
; COMPILER_SIGNATURE_ID               ; 2290661187043.154326420606284          ; --            ; --          ; --         ;
; ECO_REGENERATE_REPORT               ; On                                     ; Off           ; --          ; --         ;
; FITTER_EFFORT                       ; Standard Fit                           ; Auto Fit      ; --          ; --         ;
; MAX_CORE_JUNCTION_TEMP              ; 85                                     ; --            ; --          ; --         ;
; MIN_CORE_JUNCTION_TEMP              ; 0                                      ; --            ; --          ; --         ;
; MISC_FILE                           ; audio/waveData11_bb.v                  ; --            ; --          ; --         ;
; MISC_FILE                           ; audio/waveData10_bb.v                  ; --            ; --          ; --         ;
; MISC_FILE                           ; audio/waveData01_bb.v                  ; --            ; --          ; --         ;
; MISC_FILE                           ; audio/waveData00_bb.v                  ; --            ; --          ; --         ;
; MISC_FILE                           ; background image/right_bb.v            ; --            ; --          ; --         ;
; MISC_FILE                           ; background image/middle_bb.v           ; --            ; --          ; --         ;
; MISC_FILE                           ; background image/left_bb.v             ; --            ; --          ; --         ;
; MISC_FILE                           ; background image/background9_bb.v      ; --            ; --          ; --         ;
; MISC_FILE                           ; background image/background_bb.v       ; --            ; --          ; --         ;
; MISC_FILE                           ; Sdram_Control_4Port/Sdram_PLL.cmp      ; --            ; --          ; --         ;
; MISC_FILE                           ; v/MAC_3.cmp                            ; --            ; --          ; --         ;
; MISC_FILE                           ; v/PLL.ppf                              ; --            ; --          ; --         ;
; MISC_FILE                           ; v/Line_Buffer.bsf                      ; --            ; --          ; --         ;
; MISC_FILE                           ; v/DIV.bsf                              ; --            ; --          ; --         ;
; OPTIMIZATION_TECHNIQUE              ; Speed                                  ; Balanced      ; --          ; --         ;
; PARTITION_COLOR                     ; -- (Not supported for targeted family) ; --            ; Rhapsody    ; Top        ;
; PARTITION_FITTER_PRESERVATION_LEVEL ; -- (Not supported for targeted family) ; --            ; Rhapsody    ; Top        ;
; PARTITION_NETLIST_TYPE              ; -- (Not supported for targeted family) ; --            ; Rhapsody    ; Top        ;
; POWER_BOARD_THERMAL_MODEL           ; None (CONSERVATIVE)                    ; --            ; --          ; --         ;
; POWER_PRESET_COOLING_SOLUTION       ; 23 MM HEAT SINK WITH 200 LFPM AIRFLOW  ; --            ; --          ; --         ;
; SYNTHESIS_ONLY_QIP                  ; On                                     ; --            ; --          ; --         ;
; SYNTHESIS_ONLY_QIP                  ; On                                     ; --            ; --          ; --         ;
; TOP_LEVEL_ENTITY                    ; Rhapsody                               ; DE1_SoC_TV    ; --          ; --         ;
+-------------------------------------+----------------------------------------+---------------+-------------+------------+


+--------------------------------------------------------------------------------------------------------------------------+
; Flow Elapsed Time                                                                                                        ;
+----------------------+--------------+-------------------------+---------------------+------------------------------------+
; Module Name          ; Elapsed Time ; Average Processors Used ; Peak Virtual Memory ; Total CPU Time (on all processors) ;
+----------------------+--------------+-------------------------+---------------------+------------------------------------+
; Analysis & Synthesis ; 00:01:04     ; 1.0                     ; 4977 MB             ; 00:01:21                           ;
; Fitter               ; 00:03:55     ; 1.1                     ; 6390 MB             ; 00:06:23                           ;
; Assembler            ; 00:00:18     ; 1.0                     ; 4917 MB             ; 00:00:18                           ;
; Timing Analyzer      ; 00:00:35     ; 1.5                     ; 5274 MB             ; 00:00:45                           ;
; Total                ; 00:05:52     ; --                      ; --                  ; 00:08:47                           ;
+----------------------+--------------+-------------------------+---------------------+------------------------------------+


+------------------------------------------------------------------------------------+
; Flow OS Summary                                                                    ;
+----------------------+------------------+------------+------------+----------------+
; Module Name          ; Machine Hostname ; OS Name    ; OS Version ; Processor type ;
+----------------------+------------------+------------+------------+----------------+
; Analysis & Synthesis ; DESKTOP-AN8PJD6  ; Windows 10 ; 10.0       ; x86_64         ;
; Fitter               ; DESKTOP-AN8PJD6  ; Windows 10 ; 10.0       ; x86_64         ;
; Assembler            ; DESKTOP-AN8PJD6  ; Windows 10 ; 10.0       ; x86_64         ;
; Timing Analyzer      ; DESKTOP-AN8PJD6  ; Windows 10 ; 10.0       ; x86_64         ;
+----------------------+------------------+------------+------------+----------------+


------------
; Flow Log ;
------------
quartus_map --read_settings_files=on --write_settings_files=off DE1_SoC_TV -c DE1_SoC_TV
quartus_fit --read_settings_files=off --write_settings_files=off DE1_SoC_TV -c DE1_SoC_TV
quartus_asm --read_settings_files=off --write_settings_files=off DE1_SoC_TV -c DE1_SoC_TV
quartus_sta DE1_SoC_TV -c DE1_SoC_TV



